22:16:57 | INFO | train 55481(pos 23476) val 13871 | K=13 CROP=320 BATCH=3 EP=6 LR=3.0e-04 pw=1.363 hflip+TTA+static
22:18:01 | INFO | ep 0 it 400/18493 loss 2.1650 lr 6.49e-06 (63s)
22:19:03 | INFO | ep 0 it 800/18493 loss 1.6491 lr 1.30e-05 (125s)
22:20:04 | INFO | ep 0 it 1200/18493 loss 1.4486 lr 1.95e-05 (186s)
22:21:06 | INFO | ep 0 it 1600/18493 loss 1.3573 lr 2.60e-05 (248s)
22:22:07 | INFO | ep 0 it 2000/18493 loss 1.2335 lr 3.24e-05 (309s)
22:23:09 | INFO | ep 0 it 2400/18493 loss 1.0711 lr 3.89e-05 (371s)
22:24:10 | INFO | ep 0 it 2800/18493 loss 0.9462 lr 4.54e-05 (432s)
22:25:11 | INFO | ep 0 it 3200/18493 loss 0.8397 lr 5.19e-05 (493s)
22:26:13 | INFO | ep 0 it 3600/18493 loss 0.7510 lr 5.84e-05 (555s)
22:27:14 | INFO | ep 0 it 4000/18493 loss 0.6855 lr 6.49e-05 (616s)
22:28:15 | INFO | ep 0 it 4400/18493 loss 0.6359 lr 7.14e-05 (677s)
22:29:17 | INFO | ep 0 it 4800/18493 loss 0.5874 lr 7.79e-05 (739s)
22:30:18 | INFO | ep 0 it 5200/18493 loss 0.5518 lr 8.44e-05 (800s)
22:31:19 | INFO | ep 0 it 5600/18493 loss 0.5140 lr 9.08e-05 (861s)
22:32:20 | INFO | ep 0 it 6000/18493 loss 0.4860 lr 9.73e-05 (922s)
22:33:22 | INFO | ep 0 it 6400/18493 loss 0.4750 lr 1.04e-04 (983s)
22:34:23 | INFO | ep 0 it 6800/18493 loss 0.4532 lr 1.10e-04 (1045s)
22:35:24 | INFO | ep 0 it 7200/18493 loss 0.4318 lr 1.17e-04 (1106s)
22:36:26 | INFO | ep 0 it 7600/18493 loss 0.4141 lr 1.23e-04 (1167s)
22:37:27 | INFO | ep 0 it 8000/18493 loss 0.3991 lr 1.30e-04 (1229s)
22:38:28 | INFO | ep 0 it 8400/18493 loss 0.3876 lr 1.36e-04 (1290s)
22:39:29 | INFO | ep 0 it 8800/18493 loss 0.3730 lr 1.43e-04 (1351s)
22:40:31 | INFO | ep 0 it 9200/18493 loss 0.3646 lr 1.49e-04 (1413s)
22:41:32 | INFO | ep 0 it 9600/18493 loss 0.3538 lr 1.56e-04 (1474s)
22:42:33 | INFO | ep 0 it 10000/18493 loss 0.3413 lr 1.62e-04 (1535s)
22:43:35 | INFO | ep 0 it 10400/18493 loss 0.3317 lr 1.69e-04 (1596s)
22:44:36 | INFO | ep 0 it 10800/18493 loss 0.3268 lr 1.75e-04 (1658s)
22:45:37 | INFO | ep 0 it 11200/18493 loss 0.3192 lr 1.82e-04 (1719s)
22:46:38 | INFO | ep 0 it 11600/18493 loss 0.3171 lr 1.88e-04 (1780s)
22:47:40 | INFO | ep 0 it 12000/18493 loss 0.3152 lr 1.95e-04 (1842s)
22:48:41 | INFO | ep 0 it 12400/18493 loss 0.3064 lr 2.01e-04 (1903s)
22:49:43 | INFO | ep 0 it 12800/18493 loss 0.2991 lr 2.08e-04 (1964s)
22:50:44 | INFO | ep 0 it 13200/18493 loss 0.2922 lr 2.14e-04 (2026s)
22:51:45 | INFO | ep 0 it 13600/18493 loss 0.2848 lr 2.21e-04 (2087s)
22:52:46 | INFO | ep 0 it 14000/18493 loss 0.2793 lr 2.27e-04 (2148s)
22:53:48 | INFO | ep 0 it 14400/18493 loss 0.2740 lr 2.34e-04 (2210s)
22:54:49 | INFO | ep 0 it 14800/18493 loss 0.2666 lr 2.40e-04 (2271s)
22:55:51 | INFO | ep 0 it 15200/18493 loss 0.2661 lr 2.47e-04 (2332s)
22:56:52 | INFO | ep 0 it 15600/18493 loss 0.2614 lr 2.53e-04 (2394s)
22:57:53 | INFO | ep 0 it 16000/18493 loss 0.2560 lr 2.60e-04 (2455s)
22:58:55 | INFO | ep 0 it 16400/18493 loss 0.2518 lr 2.66e-04 (2516s)
22:59:56 | INFO | ep 0 it 16800/18493 loss 0.2497 lr 2.73e-04 (2578s)
23:00:57 | INFO | ep 0 it 17200/18493 loss 0.2469 lr 2.79e-04 (2639s)
23:01:59 | INFO | ep 0 it 17600/18493 loss 0.2421 lr 2.86e-04 (2701s)
23:03:00 | INFO | ep 0 it 18000/18493 loss 0.2386 lr 2.92e-04 (2762s)
23:04:01 | INFO | ep 0 it 18400/18493 loss 0.2344 lr 2.98e-04 (2823s)
23:10:36 | INFO | [val] ep 0 doc-FREUID 0.00092 (audet 0.00066 apcer 0.00118)
23:10:37 | INFO |   -> new best 0.00092
23:11:42 | INFO | ep 1 it 400/18493 loss 0.0409 lr 3.00e-04 (65s)
23:12:44 | INFO | ep 1 it 800/18493 loss 0.0205 lr 3.00e-04 (127s)
23:13:45 | INFO | ep 1 it 1200/18493 loss 0.0298 lr 3.00e-04 (188s)
23:14:46 | INFO | ep 1 it 1600/18493 loss 0.0864 lr 3.00e-04 (250s)
23:15:48 | INFO | ep 1 it 2000/18493 loss 0.0850 lr 3.00e-04 (311s)
23:16:49 | INFO | ep 1 it 2400/18493 loss 0.0850 lr 3.00e-04 (372s)
23:17:51 | INFO | ep 1 it 2800/18493 loss 0.0835 lr 2.99e-04 (434s)
23:18:52 | INFO | ep 1 it 3200/18493 loss 0.0784 lr 2.99e-04 (495s)
23:19:53 | INFO | ep 1 it 3600/18493 loss 0.0769 lr 2.99e-04 (557s)
23:20:55 | INFO | ep 1 it 4000/18493 loss 0.0692 lr 2.99e-04 (618s)
23:21:56 | INFO | ep 1 it 4400/18493 loss 0.0814 lr 2.98e-04 (679s)
23:22:57 | INFO | ep 1 it 4800/18493 loss 0.0778 lr 2.98e-04 (741s)
23:23:59 | INFO | ep 1 it 5200/18493 loss 0.0825 lr 2.98e-04 (802s)
23:25:00 | INFO | ep 1 it 5600/18493 loss 0.0806 lr 2.97e-04 (863s)
23:26:02 | INFO | ep 1 it 6000/18493 loss 0.0819 lr 2.97e-04 (925s)
23:27:03 | INFO | ep 1 it 6400/18493 loss 0.0792 lr 2.96e-04 (986s)
23:28:04 | INFO | ep 1 it 6800/18493 loss 0.0768 lr 2.96e-04 (1047s)
23:29:06 | INFO | ep 1 it 7200/18493 loss 0.0732 lr 2.96e-04 (1109s)
23:30:07 | INFO | ep 1 it 7600/18493 loss 0.0721 lr 2.95e-04 (1170s)
23:31:08 | INFO | ep 1 it 8000/18493 loss 0.0721 lr 2.94e-04 (1231s)
23:32:10 | INFO | ep 1 it 8400/18493 loss 0.0698 lr 2.94e-04 (1293s)
23:33:11 | INFO | ep 1 it 8800/18493 loss 0.0684 lr 2.93e-04 (1354s)
23:34:12 | INFO | ep 1 it 9200/18493 loss 0.0666 lr 2.93e-04 (1416s)
23:35:14 | INFO | ep 1 it 9600/18493 loss 0.0671 lr 2.92e-04 (1477s)
23:36:15 | INFO | ep 1 it 10000/18493 loss 0.0654 lr 2.91e-04 (1538s)
23:37:16 | INFO | ep 1 it 10400/18493 loss 0.0644 lr 2.91e-04 (1600s)
23:38:18 | INFO | ep 1 it 10800/18493 loss 0.0641 lr 2.90e-04 (1661s)
23:39:19 | INFO | ep 1 it 11200/18493 loss 0.0623 lr 2.89e-04 (1722s)
23:40:21 | INFO | ep 1 it 11600/18493 loss 0.0616 lr 2.89e-04 (1784s)
23:41:22 | INFO | ep 1 it 12000/18493 loss 0.0595 lr 2.88e-04 (1845s)
23:42:23 | INFO | ep 1 it 12400/18493 loss 0.0588 lr 2.87e-04 (1906s)
23:43:25 | INFO | ep 1 it 12800/18493 loss 0.0580 lr 2.86e-04 (1968s)
23:44:26 | INFO | ep 1 it 13200/18493 loss 0.0585 lr 2.85e-04 (2029s)
23:45:27 | INFO | ep 1 it 13600/18493 loss 0.0591 lr 2.84e-04 (2091s)
23:46:29 | INFO | ep 1 it 14000/18493 loss 0.0586 lr 2.83e-04 (2152s)
23:47:30 | INFO | ep 1 it 14400/18493 loss 0.0586 lr 2.82e-04 (2213s)
23:48:31 | INFO | ep 1 it 14800/18493 loss 0.0573 lr 2.81e-04 (2275s)
23:49:33 | INFO | ep 1 it 15200/18493 loss 0.0563 lr 2.80e-04 (2336s)
23:50:34 | INFO | ep 1 it 15600/18493 loss 0.0569 lr 2.79e-04 (2397s)
23:51:36 | INFO | ep 1 it 16000/18493 loss 0.0565 lr 2.78e-04 (2459s)
23:52:37 | INFO | ep 1 it 16400/18493 loss 0.0552 lr 2.77e-04 (2520s)
23:53:38 | INFO | ep 1 it 16800/18493 loss 0.0546 lr 2.76e-04 (2582s)
23:54:40 | INFO | ep 1 it 17200/18493 loss 0.0533 lr 2.75e-04 (2643s)
23:55:41 | INFO | ep 1 it 17600/18493 loss 0.0521 lr 2.74e-04 (2704s)
23:56:43 | INFO | ep 1 it 18000/18493 loss 0.0526 lr 2.73e-04 (2766s)
23:57:44 | INFO | ep 1 it 18400/18493 loss 0.0517 lr 2.72e-04 (2827s)
00:01:05 | INFO | [val] ep 1 doc-FREUID 0.00120 (audet 0.00054 apcer 0.00187)
00:02:07 | INFO | ep 2 it 400/18493 loss 0.0880 lr 2.70e-04 (62s)
00:03:08 | INFO | ep 2 it 800/18493 loss 0.0524 lr 2.69e-04 (124s)
00:04:10 | INFO | ep 2 it 1200/18493 loss 0.0380 lr 2.68e-04 (185s)
00:05:11 | INFO | ep 2 it 1600/18493 loss 0.0286 lr 2.66e-04 (247s)
00:06:13 | INFO | ep 2 it 2000/18493 loss 0.0258 lr 2.65e-04 (308s)
00:07:14 | INFO | ep 2 it 2400/18493 loss 0.0261 lr 2.64e-04 (369s)
00:08:16 | INFO | ep 2 it 2800/18493 loss 0.0315 lr 2.62e-04 (431s)
00:09:17 | INFO | ep 2 it 3200/18493 loss 0.0326 lr 2.61e-04 (492s)
00:10:18 | INFO | ep 2 it 3600/18493 loss 0.0316 lr 2.60e-04 (554s)
00:11:20 | INFO | ep 2 it 4000/18493 loss 0.0316 lr 2.58e-04 (615s)
00:12:21 | INFO | ep 2 it 4400/18493 loss 0.0301 lr 2.57e-04 (677s)
00:13:23 | INFO | ep 2 it 4800/18493 loss 0.0276 lr 2.55e-04 (738s)
00:14:24 | INFO | ep 2 it 5200/18493 loss 0.0254 lr 2.54e-04 (799s)
00:15:26 | INFO | ep 2 it 5600/18493 loss 0.0267 lr 2.52e-04 (861s)
00:16:27 | INFO | ep 2 it 6000/18493 loss 0.0275 lr 2.51e-04 (922s)
00:17:28 | INFO | ep 2 it 6400/18493 loss 0.0258 lr 2.49e-04 (984s)
00:18:30 | INFO | ep 2 it 6800/18493 loss 0.0253 lr 2.48e-04 (1045s)
00:19:31 | INFO | ep 2 it 7200/18493 loss 0.0266 lr 2.46e-04 (1106s)
00:20:33 | INFO | ep 2 it 7600/18493 loss 0.0266 lr 2.45e-04 (1168s)
00:21:34 | INFO | ep 2 it 8000/18493 loss 0.0271 lr 2.43e-04 (1229s)
00:22:36 | INFO | ep 2 it 8400/18493 loss 0.0266 lr 2.42e-04 (1291s)
00:23:37 | INFO | ep 2 it 8800/18493 loss 0.0254 lr 2.40e-04 (1352s)
00:24:39 | INFO | ep 2 it 9200/18493 loss 0.0270 lr 2.38e-04 (1414s)
00:25:40 | INFO | ep 2 it 9600/18493 loss 0.0270 lr 2.37e-04 (1475s)
00:26:41 | INFO | ep 2 it 10000/18493 loss 0.0269 lr 2.35e-04 (1537s)
00:27:43 | INFO | ep 2 it 10400/18493 loss 0.0262 lr 2.33e-04 (1598s)
00:28:44 | INFO | ep 2 it 10800/18493 loss 0.0267 lr 2.32e-04 (1659s)
00:29:45 | INFO | ep 2 it 11200/18493 loss 0.0262 lr 2.30e-04 (1721s)
00:30:47 | INFO | ep 2 it 11600/18493 loss 0.0255 lr 2.28e-04 (1782s)
00:31:48 | INFO | ep 2 it 12000/18493 loss 0.0247 lr 2.26e-04 (1843s)
00:32:50 | INFO | ep 2 it 12400/18493 loss 0.0245 lr 2.25e-04 (1905s)
00:33:51 | INFO | ep 2 it 12800/18493 loss 0.0243 lr 2.23e-04 (1966s)
00:34:52 | INFO | ep 2 it 13200/18493 loss 0.0243 lr 2.21e-04 (2028s)
00:35:54 | INFO | ep 2 it 13600/18493 loss 0.0240 lr 2.19e-04 (2089s)
00:36:55 | INFO | ep 2 it 14000/18493 loss 0.0242 lr 2.18e-04 (2150s)
00:37:57 | INFO | ep 2 it 14400/18493 loss 0.0241 lr 2.16e-04 (2212s)
00:38:58 | INFO | ep 2 it 14800/18493 loss 0.0241 lr 2.14e-04 (2273s)
00:39:59 | INFO | ep 2 it 15200/18493 loss 0.0239 lr 2.12e-04 (2335s)
00:41:01 | INFO | ep 2 it 15600/18493 loss 0.0233 lr 2.10e-04 (2396s)
00:42:02 | INFO | ep 2 it 16000/18493 loss 0.0241 lr 2.08e-04 (2458s)
00:43:04 | INFO | ep 2 it 16400/18493 loss 0.0241 lr 2.06e-04 (2519s)
00:44:05 | INFO | ep 2 it 16800/18493 loss 0.0238 lr 2.04e-04 (2581s)
00:45:07 | INFO | ep 2 it 17200/18493 loss 0.0240 lr 2.03e-04 (2642s)
00:46:08 | INFO | ep 2 it 17600/18493 loss 0.0235 lr 2.01e-04 (2703s)
00:47:10 | INFO | ep 2 it 18000/18493 loss 0.0235 lr 1.99e-04 (2765s)
00:48:11 | INFO | ep 2 it 18400/18493 loss 0.0244 lr 1.97e-04 (2826s)
00:51:32 | INFO | [val] ep 2 doc-FREUID 0.00012 (audet 0.00007 apcer 0.00017)
00:51:32 | INFO |   -> new best 0.00012
00:52:34 | INFO | ep 3 it 400/18493 loss 0.0135 lr 1.94e-04 (62s)
00:53:36 | INFO | ep 3 it 800/18493 loss 0.0144 lr 1.92e-04 (123s)
00:54:37 | INFO | ep 3 it 1200/18493 loss 0.0137 lr 1.91e-04 (185s)
00:55:38 | INFO | ep 3 it 1600/18493 loss 0.0128 lr 1.89e-04 (246s)
00:56:40 | INFO | ep 3 it 2000/18493 loss 0.0132 lr 1.87e-04 (308s)
00:57:41 | INFO | ep 3 it 2400/18493 loss 0.0124 lr 1.85e-04 (369s)
00:58:43 | INFO | ep 3 it 2800/18493 loss 0.0153 lr 1.83e-04 (430s)
00:59:44 | INFO | ep 3 it 3200/18493 loss 0.0139 lr 1.81e-04 (492s)
01:00:45 | INFO | ep 3 it 3600/18493 loss 0.0124 lr 1.79e-04 (553s)
01:01:47 | INFO | ep 3 it 4000/18493 loss 0.0132 lr 1.77e-04 (615s)
01:02:48 | INFO | ep 3 it 4400/18493 loss 0.0142 lr 1.75e-04 (676s)
01:03:50 | INFO | ep 3 it 4800/18493 loss 0.0130 lr 1.73e-04 (738s)
01:04:51 | INFO | ep 3 it 5200/18493 loss 0.0136 lr 1.71e-04 (799s)
01:05:53 | INFO | ep 3 it 5600/18493 loss 0.0127 lr 1.69e-04 (861s)
01:06:54 | INFO | ep 3 it 6000/18493 loss 0.0137 lr 1.67e-04 (922s)
01:07:56 | INFO | ep 3 it 6400/18493 loss 0.0129 lr 1.64e-04 (984s)
01:08:57 | INFO | ep 3 it 6800/18493 loss 0.0129 lr 1.62e-04 (1045s)
01:09:59 | INFO | ep 3 it 7200/18493 loss 0.0125 lr 1.60e-04 (1107s)
01:11:00 | INFO | ep 3 it 7600/18493 loss 0.0125 lr 1.58e-04 (1168s)
01:12:02 | INFO | ep 3 it 8000/18493 loss 0.0119 lr 1.56e-04 (1230s)
01:13:03 | INFO | ep 3 it 8400/18493 loss 0.0131 lr 1.54e-04 (1291s)
01:14:05 | INFO | ep 3 it 8800/18493 loss 0.0126 lr 1.52e-04 (1353s)
01:15:06 | INFO | ep 3 it 9200/18493 loss 0.0124 lr 1.50e-04 (1414s)
01:16:08 | INFO | ep 3 it 9600/18493 loss 0.0122 lr 1.48e-04 (1476s)
01:17:09 | INFO | ep 3 it 10000/18493 loss 0.0118 lr 1.46e-04 (1537s)
01:18:11 | INFO | ep 3 it 10400/18493 loss 0.0120 lr 1.44e-04 (1599s)
01:19:12 | INFO | ep 3 it 10800/18493 loss 0.0121 lr 1.42e-04 (1660s)
01:20:14 | INFO | ep 3 it 11200/18493 loss 0.0121 lr 1.40e-04 (1721s)
01:21:15 | INFO | ep 3 it 11600/18493 loss 0.0129 lr 1.38e-04 (1783s)
01:22:17 | INFO | ep 3 it 12000/18493 loss 0.0128 lr 1.36e-04 (1845s)
01:23:18 | INFO | ep 3 it 12400/18493 loss 0.0125 lr 1.34e-04 (1906s)
01:24:20 | INFO | ep 3 it 12800/18493 loss 0.0127 lr 1.32e-04 (1968s)
01:25:21 | INFO | ep 3 it 13200/18493 loss 0.0130 lr 1.30e-04 (2029s)
01:26:23 | INFO | ep 3 it 13600/18493 loss 0.0131 lr 1.28e-04 (2091s)
01:27:24 | INFO | ep 3 it 14000/18493 loss 0.0127 lr 1.26e-04 (2152s)
01:28:26 | INFO | ep 3 it 14400/18493 loss 0.0128 lr 1.24e-04 (2214s)
01:29:27 | INFO | ep 3 it 14800/18493 loss 0.0124 lr 1.22e-04 (2275s)
01:30:29 | INFO | ep 3 it 15200/18493 loss 0.0123 lr 1.20e-04 (2336s)
01:31:30 | INFO | ep 3 it 15600/18493 loss 0.0122 lr 1.18e-04 (2398s)
01:32:32 | INFO | ep 3 it 16000/18493 loss 0.0119 lr 1.16e-04 (2460s)
01:33:33 | INFO | ep 3 it 16400/18493 loss 0.0122 lr 1.14e-04 (2521s)
01:34:35 | INFO | ep 3 it 16800/18493 loss 0.0122 lr 1.12e-04 (2582s)
01:35:36 | INFO | ep 3 it 17200/18493 loss 0.0120 lr 1.10e-04 (2644s)
01:36:37 | INFO | ep 3 it 17600/18493 loss 0.0120 lr 1.08e-04 (2705s)
01:37:39 | INFO | ep 3 it 18000/18493 loss 0.0120 lr 1.06e-04 (2767s)
01:38:41 | INFO | ep 3 it 18400/18493 loss 0.0117 lr 1.04e-04 (2828s)
01:42:01 | INFO | [val] ep 3 doc-FREUID 0.00012 (audet 0.00007 apcer 0.00017)
01:42:02 | INFO |   -> new best 0.00012
01:43:04 | INFO | ep 4 it 400/18493 loss 0.0130 lr 1.02e-04 (62s)
01:44:05 | INFO | ep 4 it 800/18493 loss 0.0065 lr 9.98e-05 (124s)
01:45:07 | INFO | ep 4 it 1200/18493 loss 0.0146 lr 9.79e-05 (185s)
01:46:08 | INFO | ep 4 it 1600/18493 loss 0.0112 lr 9.60e-05 (247s)
01:47:09 | INFO | ep 4 it 2000/18493 loss 0.0090 lr 9.41e-05 (308s)
01:48:11 | INFO | ep 4 it 2400/18493 loss 0.0091 lr 9.22e-05 (369s)
01:49:12 | INFO | ep 4 it 2800/18493 loss 0.0078 lr 9.03e-05 (431s)
01:50:14 | INFO | ep 4 it 3200/18493 loss 0.0097 lr 8.84e-05 (492s)
01:51:15 | INFO | ep 4 it 3600/18493 loss 0.0086 lr 8.66e-05 (554s)
01:52:17 | INFO | ep 4 it 4000/18493 loss 0.0078 lr 8.48e-05 (615s)
01:53:18 | INFO | ep 4 it 4400/18493 loss 0.0082 lr 8.29e-05 (677s)
01:54:20 | INFO | ep 4 it 4800/18493 loss 0.0076 lr 8.11e-05 (738s)
01:55:21 | INFO | ep 4 it 5200/18493 loss 0.0070 lr 7.93e-05 (799s)
01:56:22 | INFO | ep 4 it 5600/18493 loss 0.0071 lr 7.75e-05 (861s)
01:57:24 | INFO | ep 4 it 6000/18493 loss 0.0066 lr 7.57e-05 (922s)
01:58:26 | INFO | ep 4 it 6400/18493 loss 0.0062 lr 7.40e-05 (984s)
01:59:27 | INFO | ep 4 it 6800/18493 loss 0.0058 lr 7.22e-05 (1045s)
02:00:28 | INFO | ep 4 it 7200/18493 loss 0.0058 lr 7.05e-05 (1107s)
02:01:30 | INFO | ep 4 it 7600/18493 loss 0.0056 lr 6.88e-05 (1168s)
02:02:31 | INFO | ep 4 it 8000/18493 loss 0.0055 lr 6.71e-05 (1230s)
02:03:33 | INFO | ep 4 it 8400/18493 loss 0.0054 lr 6.54e-05 (1291s)
02:04:35 | INFO | ep 4 it 8800/18493 loss 0.0060 lr 6.37e-05 (1353s)
02:05:36 | INFO | ep 4 it 9200/18493 loss 0.0057 lr 6.20e-05 (1415s)
02:06:38 | INFO | ep 4 it 9600/18493 loss 0.0061 lr 6.04e-05 (1476s)
02:07:39 | INFO | ep 4 it 10000/18493 loss 0.0065 lr 5.88e-05 (1537s)
02:08:40 | INFO | ep 4 it 10400/18493 loss 0.0062 lr 5.71e-05 (1599s)
02:09:42 | INFO | ep 4 it 10800/18493 loss 0.0060 lr 5.56e-05 (1660s)
02:10:44 | INFO | ep 4 it 11200/18493 loss 0.0062 lr 5.40e-05 (1722s)
02:11:45 | INFO | ep 4 it 11600/18493 loss 0.0060 lr 5.24e-05 (1783s)
02:12:46 | INFO | ep 4 it 12000/18493 loss 0.0058 lr 5.09e-05 (1845s)
02:13:48 | INFO | ep 4 it 12400/18493 loss 0.0057 lr 4.94e-05 (1906s)
02:14:49 | INFO | ep 4 it 12800/18493 loss 0.0055 lr 4.79e-05 (1968s)
02:15:51 | INFO | ep 4 it 13200/18493 loss 0.0053 lr 4.64e-05 (2029s)
02:16:52 | INFO | ep 4 it 13600/18493 loss 0.0052 lr 4.49e-05 (2091s)
02:17:54 | INFO | ep 4 it 14000/18493 loss 0.0050 lr 4.35e-05 (2152s)
02:18:55 | INFO | ep 4 it 14400/18493 loss 0.0049 lr 4.20e-05 (2213s)
02:19:56 | INFO | ep 4 it 14800/18493 loss 0.0048 lr 4.06e-05 (2275s)
02:20:58 | INFO | ep 4 it 15200/18493 loss 0.0046 lr 3.93e-05 (2336s)
02:21:59 | INFO | ep 4 it 15600/18493 loss 0.0045 lr 3.79e-05 (2398s)
02:23:01 | INFO | ep 4 it 16000/18493 loss 0.0045 lr 3.65e-05 (2460s)
02:24:03 | INFO | ep 4 it 16400/18493 loss 0.0044 lr 3.52e-05 (2521s)
02:25:04 | INFO | ep 4 it 16800/18493 loss 0.0043 lr 3.39e-05 (2582s)
02:26:06 | INFO | ep 4 it 17200/18493 loss 0.0044 lr 3.26e-05 (2644s)
02:27:07 | INFO | ep 4 it 17600/18493 loss 0.0043 lr 3.14e-05 (2705s)
02:28:09 | INFO | ep 4 it 18000/18493 loss 0.0043 lr 3.01e-05 (2767s)
02:29:10 | INFO | ep 4 it 18400/18493 loss 0.0042 lr 2.89e-05 (2828s)
02:32:31 | INFO | [val] ep 4 doc-FREUID 0.00000 (audet 0.00000 apcer 0.00000)
02:32:31 | INFO |   -> new best 0.00000
02:33:33 | INFO | ep 5 it 400/18493 loss 0.0000 lr 2.75e-05 (62s)
02:34:35 | INFO | ep 5 it 800/18493 loss 0.0059 lr 2.63e-05 (124s)
02:35:37 | INFO | ep 5 it 1200/18493 loss 0.0039 lr 2.52e-05 (186s)
02:36:39 | INFO | ep 5 it 1600/18493 loss 0.0030 lr 2.40e-05 (248s)
02:37:41 | INFO | ep 5 it 2000/18493 loss 0.0024 lr 2.29e-05 (310s)
02:38:43 | INFO | ep 5 it 2400/18493 loss 0.0020 lr 2.19e-05 (372s)
02:39:45 | INFO | ep 5 it 2800/18493 loss 0.0017 lr 2.08e-05 (434s)
02:40:47 | INFO | ep 5 it 3200/18493 loss 0.0057 lr 1.98e-05 (496s)
02:41:49 | INFO | ep 5 it 3600/18493 loss 0.0051 lr 1.88e-05 (557s)
02:42:51 | INFO | ep 5 it 4000/18493 loss 0.0062 lr 1.78e-05 (620s)
02:43:53 | INFO | ep 5 it 4400/18493 loss 0.0056 lr 1.69e-05 (682s)
02:44:55 | INFO | ep 5 it 4800/18493 loss 0.0051 lr 1.59e-05 (743s)
02:45:56 | INFO | ep 5 it 5200/18493 loss 0.0047 lr 1.50e-05 (805s)
02:46:58 | INFO | ep 5 it 5600/18493 loss 0.0044 lr 1.42e-05 (867s)
02:48:00 | INFO | ep 5 it 6000/18493 loss 0.0041 lr 1.33e-05 (929s)
02:49:02 | INFO | ep 5 it 6400/18493 loss 0.0038 lr 1.25e-05 (991s)
02:50:04 | INFO | ep 5 it 6800/18493 loss 0.0036 lr 1.17e-05 (1053s)
02:51:06 | INFO | ep 5 it 7200/18493 loss 0.0034 lr 1.09e-05 (1115s)
02:52:08 | INFO | ep 5 it 7600/18493 loss 0.0032 lr 1.02e-05 (1177s)
02:53:10 | INFO | ep 5 it 8000/18493 loss 0.0031 lr 9.43e-06 (1239s)
02:54:12 | INFO | ep 5 it 8400/18493 loss 0.0029 lr 8.74e-06 (1301s)
02:55:14 | INFO | ep 5 it 8800/18493 loss 0.0035 lr 8.06e-06 (1363s)
02:56:16 | INFO | ep 5 it 9200/18493 loss 0.0033 lr 7.42e-06 (1425s)
02:57:18 | INFO | ep 5 it 9600/18493 loss 0.0032 lr 6.80e-06 (1487s)
02:58:20 | INFO | ep 5 it 10000/18493 loss 0.0031 lr 6.20e-06 (1549s)
02:59:21 | INFO | ep 5 it 10400/18493 loss 0.0029 lr 5.64e-06 (1610s)
03:00:24 | INFO | ep 5 it 10800/18493 loss 0.0028 lr 5.10e-06 (1672s)
03:01:25 | INFO | ep 5 it 11200/18493 loss 0.0027 lr 4.58e-06 (1734s)
03:02:27 | INFO | ep 5 it 11600/18493 loss 0.0026 lr 4.10e-06 (1796s)
03:03:28 | INFO | ep 5 it 12000/18493 loss 0.0026 lr 3.64e-06 (1857s)
03:04:30 | INFO | ep 5 it 12400/18493 loss 0.0025 lr 3.20e-06 (1919s)
03:05:32 | INFO | ep 5 it 12800/18493 loss 0.0029 lr 2.80e-06 (1981s)
03:06:34 | INFO | ep 5 it 13200/18493 loss 0.0028 lr 2.42e-06 (2043s)
03:07:36 | INFO | ep 5 it 13600/18493 loss 0.0027 lr 2.07e-06 (2104s)
03:08:37 | INFO | ep 5 it 14000/18493 loss 0.0026 lr 1.75e-06 (2166s)
03:09:39 | INFO | ep 5 it 14400/18493 loss 0.0026 lr 1.45e-06 (2228s)
03:10:41 | INFO | ep 5 it 14800/18493 loss 0.0026 lr 1.18e-06 (2290s)
03:11:43 | INFO | ep 5 it 15200/18493 loss 0.0025 lr 9.38e-07 (2352s)
03:12:45 | INFO | ep 5 it 15600/18493 loss 0.0024 lr 7.25e-07 (2413s)
03:13:46 | INFO | ep 5 it 16000/18493 loss 0.0024 lr 5.38e-07 (2475s)
03:14:48 | INFO | ep 5 it 16400/18493 loss 0.0023 lr 3.79e-07 (2537s)
03:15:50 | INFO | ep 5 it 16800/18493 loss 0.0023 lr 2.48e-07 (2599s)
03:16:52 | INFO | ep 5 it 17200/18493 loss 0.0022 lr 1.45e-07 (2661s)
03:17:54 | INFO | ep 5 it 17600/18493 loss 0.0022 lr 6.92e-08 (2722s)
03:18:55 | INFO | ep 5 it 18000/18493 loss 0.0021 lr 2.11e-08 (2784s)
03:19:57 | INFO | ep 5 it 18400/18493 loss 0.0022 lr 7.65e-10 (2846s)
03:23:17 | INFO | [val] ep 5 doc-FREUID 0.00000 (audet 0.00000 apcer 0.00000)
03:23:17 | INFO | TRAIN DONE best doc-FREUID 0.00000 @ep 4
03:26:35 | INFO | wrote submission rows 142818 real 7821 @ /data1/workspaces/jgshin22/FraudChallenge/experiments/attempt31_mil_fieldcrop_v2_320px_6ep_hflip_static_20260708_221657/submission.csv
