20:35:39 | INFO | train 55481 (pos 23476) val 13871 | KMAX=10 CROP=256 BATCH=6 EPOCHS=3 LR=3.0e-04 pw=1.363
20:36:24 | INFO | ep 0 it 300/9246 loss 1.9681 lr 9.73e-06 (44s)
20:37:04 | INFO | ep 0 it 600/9246 loss 1.5167 lr 1.95e-05 (84s)
20:37:45 | INFO | ep 0 it 900/9246 loss 1.3142 lr 2.92e-05 (125s)
20:38:27 | INFO | ep 0 it 1200/9246 loss 1.1429 lr 3.89e-05 (167s)
20:39:09 | INFO | ep 0 it 1500/9246 loss 0.9954 lr 4.87e-05 (209s)
20:39:49 | INFO | ep 0 it 1800/9246 loss 0.8588 lr 5.84e-05 (249s)
20:40:30 | INFO | ep 0 it 2100/9246 loss 0.7474 lr 6.81e-05 (290s)
20:41:11 | INFO | ep 0 it 2400/9246 loss 0.6595 lr 7.79e-05 (331s)
20:41:52 | INFO | ep 0 it 2700/9246 loss 0.5922 lr 8.76e-05 (371s)
20:42:32 | INFO | ep 0 it 3000/9246 loss 0.5497 lr 9.73e-05 (412s)
20:43:13 | INFO | ep 0 it 3300/9246 loss 0.5078 lr 1.07e-04 (453s)
20:43:54 | INFO | ep 0 it 3600/9246 loss 0.4691 lr 1.17e-04 (493s)
20:44:34 | INFO | ep 0 it 3900/9246 loss 0.4341 lr 1.27e-04 (534s)
20:45:15 | INFO | ep 0 it 4200/9246 loss 0.4081 lr 1.36e-04 (575s)
20:45:56 | INFO | ep 0 it 4500/9246 loss 0.3916 lr 1.46e-04 (616s)
20:46:36 | INFO | ep 0 it 4800/9246 loss 0.3746 lr 1.56e-04 (656s)
20:47:17 | INFO | ep 0 it 5100/9246 loss 0.3559 lr 1.65e-04 (697s)
20:47:57 | INFO | ep 0 it 5400/9246 loss 0.3374 lr 1.75e-04 (737s)
20:48:37 | INFO | ep 0 it 5700/9246 loss 0.3257 lr 1.85e-04 (777s)
20:49:18 | INFO | ep 0 it 6000/9246 loss 0.3157 lr 1.95e-04 (818s)
20:49:59 | INFO | ep 0 it 6300/9246 loss 0.3050 lr 2.04e-04 (858s)
20:50:39 | INFO | ep 0 it 6600/9246 loss 0.2947 lr 2.14e-04 (899s)
20:51:19 | INFO | ep 0 it 6900/9246 loss 0.2844 lr 2.24e-04 (939s)
20:52:00 | INFO | ep 0 it 7200/9246 loss 0.2744 lr 2.34e-04 (980s)
20:52:40 | INFO | ep 0 it 7500/9246 loss 0.2658 lr 2.43e-04 (1020s)
20:53:20 | INFO | ep 0 it 7800/9246 loss 0.2649 lr 2.53e-04 (1060s)
20:54:00 | INFO | ep 0 it 8100/9246 loss 0.2599 lr 2.63e-04 (1100s)
20:54:40 | INFO | ep 0 it 8400/9246 loss 0.2519 lr 2.73e-04 (1140s)
20:55:20 | INFO | ep 0 it 8700/9246 loss 0.2541 lr 2.82e-04 (1180s)
20:56:00 | INFO | ep 0 it 9000/9246 loss 0.2632 lr 2.92e-04 (1219s)
20:58:41 | INFO | [val] ep 0 doc-FREUID 0.00344 (audet 0.00090 apcer 0.00596)
20:58:42 | INFO |   -> new best 0.00344 saved
20:59:25 | INFO | ep 1 it 300/9246 loss 0.0449 lr 3.00e-04 (43s)
21:00:04 | INFO | ep 1 it 600/9246 loss 0.0491 lr 2.99e-04 (83s)
21:00:44 | INFO | ep 1 it 900/9246 loss 0.0547 lr 2.98e-04 (123s)
21:01:24 | INFO | ep 1 it 1200/9246 loss 0.0495 lr 2.97e-04 (162s)
21:02:04 | INFO | ep 1 it 1500/9246 loss 0.0501 lr 2.95e-04 (203s)
21:02:44 | INFO | ep 1 it 1800/9246 loss 0.0601 lr 2.93e-04 (243s)
21:03:24 | INFO | ep 1 it 2100/9246 loss 0.0652 lr 2.91e-04 (282s)
21:04:04 | INFO | ep 1 it 2400/9246 loss 0.0624 lr 2.88e-04 (322s)
21:04:43 | INFO | ep 1 it 2700/9246 loss 0.0623 lr 2.85e-04 (362s)
21:05:23 | INFO | ep 1 it 3000/9246 loss 0.0598 lr 2.81e-04 (402s)
21:06:03 | INFO | ep 1 it 3300/9246 loss 0.0561 lr 2.77e-04 (441s)
21:06:43 | INFO | ep 1 it 3600/9246 loss 0.0539 lr 2.73e-04 (481s)
21:07:23 | INFO | ep 1 it 3900/9246 loss 0.0537 lr 2.68e-04 (521s)
21:08:03 | INFO | ep 1 it 4200/9246 loss 0.0580 lr 2.63e-04 (561s)
21:08:43 | INFO | ep 1 it 4500/9246 loss 0.0586 lr 2.58e-04 (601s)
21:09:22 | INFO | ep 1 it 4800/9246 loss 0.0608 lr 2.53e-04 (641s)
21:10:02 | INFO | ep 1 it 5100/9246 loss 0.0590 lr 2.47e-04 (681s)
21:10:42 | INFO | ep 1 it 5400/9246 loss 0.0568 lr 2.41e-04 (721s)
21:11:22 | INFO | ep 1 it 5700/9246 loss 0.0551 lr 2.35e-04 (761s)
21:12:03 | INFO | ep 1 it 6000/9246 loss 0.0526 lr 2.29e-04 (801s)
21:12:42 | INFO | ep 1 it 6300/9246 loss 0.0514 lr 2.22e-04 (841s)
21:13:22 | INFO | ep 1 it 6600/9246 loss 0.0501 lr 2.15e-04 (881s)
21:14:02 | INFO | ep 1 it 6900/9246 loss 0.0498 lr 2.08e-04 (921s)
21:14:42 | INFO | ep 1 it 7200/9246 loss 0.0522 lr 2.01e-04 (961s)
21:15:24 | INFO | ep 1 it 7500/9246 loss 0.0504 lr 1.94e-04 (1002s)
21:16:04 | INFO | ep 1 it 7800/9246 loss 0.0515 lr 1.87e-04 (1042s)
21:16:43 | INFO | ep 1 it 8100/9246 loss 0.0506 lr 1.79e-04 (1082s)
21:17:23 | INFO | ep 1 it 8400/9246 loss 0.0490 lr 1.72e-04 (1122s)
21:18:03 | INFO | ep 1 it 8700/9246 loss 0.0477 lr 1.64e-04 (1162s)
21:18:45 | INFO | ep 1 it 9000/9246 loss 0.0467 lr 1.56e-04 (1203s)
21:20:48 | INFO | [val] ep 1 doc-FREUID 0.00024 (audet 0.00015 apcer 0.00033)
21:20:49 | INFO |   -> new best 0.00024 saved
21:21:29 | INFO | ep 2 it 300/9246 loss 0.0267 lr 1.42e-04 (40s)
21:22:09 | INFO | ep 2 it 600/9246 loss 0.0162 lr 1.35e-04 (80s)
21:22:49 | INFO | ep 2 it 900/9246 loss 0.0199 lr 1.27e-04 (120s)
21:23:28 | INFO | ep 2 it 1200/9246 loss 0.0150 lr 1.20e-04 (160s)
21:24:08 | INFO | ep 2 it 1500/9246 loss 0.0133 lr 1.12e-04 (200s)
21:24:48 | INFO | ep 2 it 1800/9246 loss 0.0111 lr 1.05e-04 (239s)
21:25:28 | INFO | ep 2 it 2100/9246 loss 0.0124 lr 9.76e-05 (279s)
21:26:07 | INFO | ep 2 it 2400/9246 loss 0.0121 lr 9.05e-05 (319s)
21:26:47 | INFO | ep 2 it 2700/9246 loss 0.0108 lr 8.36e-05 (358s)
21:27:27 | INFO | ep 2 it 3000/9246 loss 0.0097 lr 7.68e-05 (398s)
21:28:06 | INFO | ep 2 it 3300/9246 loss 0.0093 lr 7.03e-05 (438s)
21:28:46 | INFO | ep 2 it 3600/9246 loss 0.0100 lr 6.39e-05 (478s)
21:29:26 | INFO | ep 2 it 3900/9246 loss 0.0104 lr 5.77e-05 (517s)
21:30:06 | INFO | ep 2 it 4200/9246 loss 0.0107 lr 5.18e-05 (557s)
21:30:45 | INFO | ep 2 it 4500/9246 loss 0.0100 lr 4.62e-05 (597s)
21:31:25 | INFO | ep 2 it 4800/9246 loss 0.0094 lr 4.08e-05 (637s)
21:32:05 | INFO | ep 2 it 5100/9246 loss 0.0088 lr 3.57e-05 (677s)
21:32:45 | INFO | ep 2 it 5400/9246 loss 0.0095 lr 3.09e-05 (716s)
21:33:25 | INFO | ep 2 it 5700/9246 loss 0.0091 lr 2.64e-05 (756s)
21:34:04 | INFO | ep 2 it 6000/9246 loss 0.0086 lr 2.22e-05 (796s)
21:34:44 | INFO | ep 2 it 6300/9246 loss 0.0086 lr 1.84e-05 (836s)
21:35:24 | INFO | ep 2 it 6600/9246 loss 0.0083 lr 1.49e-05 (875s)
21:36:04 | INFO | ep 2 it 6900/9246 loss 0.0082 lr 1.18e-05 (915s)
21:36:44 | INFO | ep 2 it 7200/9246 loss 0.0082 lr 8.98e-06 (955s)
21:37:24 | INFO | ep 2 it 7500/9246 loss 0.0082 lr 6.56e-06 (995s)
21:38:03 | INFO | ep 2 it 7800/9246 loss 0.0078 lr 4.51e-06 (1035s)
21:38:43 | INFO | ep 2 it 8100/9246 loss 0.0076 lr 2.84e-06 (1075s)
21:39:23 | INFO | ep 2 it 8400/9246 loss 0.0073 lr 1.55e-06 (1114s)
21:40:03 | INFO | ep 2 it 8700/9246 loss 0.0070 lr 6.47e-07 (1155s)
21:40:44 | INFO | ep 2 it 9000/9246 loss 0.0068 lr 1.32e-07 (1195s)
21:42:48 | INFO | [val] ep 2 doc-FREUID 0.00012 (audet 0.00007 apcer 0.00017)
21:42:48 | INFO |   -> new best 0.00012 saved
21:42:48 | INFO | TRAIN DONE best doc-FREUID 0.00012 @ep 2
21:43:40 | INFO | wrote submission rows 142818 real 7821 @ /data1/workspaces/jgshin22/FraudChallenge/experiments/attempt30_mil_fieldcrop_effb3srm_20260708_203539/submission.csv
